<?xml version="1.0" encoding="UTF-8"?>
<!-- Generated by org.testng.reporters.JUnitReportReporter -->
<testsuite hostname="DESKTOP-QB35EEE" name="scenarios.Docker" tests="1" failures="0" timestamp="8 Jun 2021 14:14:44 GMT" time="2.580" errors="0">
  <testcase name="dockerPage" time="2.580" classname="scenarios.Docker"/>
</testsuite> <!-- scenarios.Docker -->
